<?xml version="1.0" encoding="UTF-8"?>
<testng-results skipped="0" failed="0" ignored="0" total="2" passed="2">
  <reporter-output>
  </reporter-output>
  <suite name="Default suite" duration-ms="48811" started-at="2020-10-16T13:23:02 IST" finished-at="2020-10-16T13:23:51 IST">
    <groups>
    </groups>
    <test name="Default test" duration-ms="48811" started-at="2020-10-16T13:23:02 IST" finished-at="2020-10-16T13:23:51 IST">
      <class name="com.Gitlab.TestCases.TC_CreateProject_003">
        <test-method status="PASS" signature="SetUp()[pri:0, instance:com.Gitlab.TestCases.TC_CreateProject_003@23faf8f2]" name="SetUp" is-config="true" duration-ms="11883" started-at="2020-10-16T13:23:02 IST" finished-at="2020-10-16T13:23:14 IST">
          <reporter-output>
          </reporter-output>
        </test-method> <!-- SetUp -->
        <test-method status="PASS" signature="login()[pri:1, instance:com.Gitlab.TestCases.TC_CreateProject_003@23faf8f2]" name="login" duration-ms="16571" started-at="2020-10-16T13:23:14 IST" finished-at="2020-10-16T13:23:30 IST">
          <reporter-output>
          </reporter-output>
        </test-method> <!-- login -->
        <test-method status="PASS" signature="CreateNewProject()[pri:2, instance:com.Gitlab.TestCases.TC_CreateProject_003@23faf8f2]" name="CreateNewProject" duration-ms="19590" started-at="2020-10-16T13:23:30 IST" finished-at="2020-10-16T13:23:50 IST">
          <reporter-output>
          </reporter-output>
        </test-method> <!-- CreateNewProject -->
        <test-method status="PASS" signature="tearDown()[pri:0, instance:com.Gitlab.TestCases.TC_CreateProject_003@23faf8f2]" name="tearDown" is-config="true" duration-ms="733" started-at="2020-10-16T13:23:50 IST" finished-at="2020-10-16T13:23:51 IST">
          <reporter-output>
          </reporter-output>
        </test-method> <!-- tearDown -->
      </class> <!-- com.Gitlab.TestCases.TC_CreateProject_003 -->
    </test> <!-- Default test -->
  </suite> <!-- Default suite -->
</testng-results>
